<?xml version="1.0" encoding="UTF-8"?>
<!-- Generated by org.testng.reporters.JUnitXMLReporter -->
<testsuite ignored="4" hostname="LTIN520434" failures="0" tests="33" name="chromeTest" time="5.717" errors="0" timestamp="2024-02-28T17:07:23 IST">
  <testcase classname="testBase.BaseClass" name="@BeforeTest setup" time="4.996">
    <failure type="org.openqa.selenium.SessionNotCreatedException" message="Could not start a new session. Possible causes are invalid address of the remote server or browser start-up failure. 
Host info: host: &amp;apos;LTIN520434&amp;apos;, ip: &amp;apos;10.90.197.100&amp;apos;
Build info: version: &amp;apos;4.15.0&amp;apos;, revision: &amp;apos;1d14b5521b&amp;apos;
System info: os.name: &amp;apos;Windows 11&amp;apos;, os.arch: &amp;apos;amd64&amp;apos;, os.version: &amp;apos;10.0&amp;apos;, java.version: &amp;apos;17.0.6&amp;apos;
Driver info: org.openqa.selenium.remote.RemoteWebDriver
Command: [null, newSession {capabilities=[Capabilities {browserName: chrome, platformName: windows}]}]
Capabilities {browserName: chrome, platformName: windows}">
      <![CDATA[org.openqa.selenium.SessionNotCreatedException: Could not start a new session. Possible causes are invalid address of the remote server or browser start-up failure. 
Host info: host: 'LTIN520434', ip: '10.90.197.100'
Build info: version: '4.15.0', revision: '1d14b5521b'
System info: os.name: 'Windows 11', os.arch: 'amd64', os.version: '10.0', java.version: '17.0.6'
Driver info: org.openqa.selenium.remote.RemoteWebDriver
Command: [null, newSession {capabilities=[Capabilities {browserName: chrome, platformName: windows}]}]
Capabilities {browserName: chrome, platformName: windows}
at org.openqa.selenium.remote.RemoteWebDriver.execute(RemoteWebDriver.java:625)
at org.openqa.selenium.remote.RemoteWebDriver.startSession(RemoteWebDriver.java:241)
at org.openqa.selenium.remote.RemoteWebDriver.<init>(RemoteWebDriver.java:168)
at org.openqa.selenium.remote.RemoteWebDriver.<init>(RemoteWebDriver.java:148)
at testBase.BaseClass.setup(BaseClass.java:85)
Caused by: java.io.UncheckedIOException: java.net.ConnectException
at org.openqa.selenium.remote.http.jdk.JdkHttpClient.execute0(JdkHttpClient.java:450)
at org.openqa.selenium.remote.http.AddSeleniumUserAgent.lambda$apply$0(AddSeleniumUserAgent.java:42)
at org.openqa.selenium.remote.http.Filter.lambda$andFinally$1(Filter.java:55)
at org.openqa.selenium.remote.http.jdk.JdkHttpClient.execute(JdkHttpClient.java:366)
at org.openqa.selenium.remote.tracing.TracedHttpClient.execute(TracedHttpClient.java:54)
at org.openqa.selenium.remote.ProtocolHandshake.createSession(ProtocolHandshake.java:115)
at org.openqa.selenium.remote.ProtocolHandshake.createSession(ProtocolHandshake.java:96)
at org.openqa.selenium.remote.ProtocolHandshake.createSession(ProtocolHandshake.java:68)
at org.openqa.selenium.remote.HttpCommandExecutor.execute(HttpCommandExecutor.java:163)
at org.openqa.selenium.remote.TracedCommandExecutor.execute(TracedCommandExecutor.java:51)
at org.openqa.selenium.remote.RemoteWebDriver.execute(RemoteWebDriver.java:607)
... 28 more
Caused by: java.net.ConnectException
at java.net.http/jdk.internal.net.http.common.Utils.toConnectException(Utils.java:1047)
at java.net.http/jdk.internal.net.http.PlainHttpConnection.connectAsync(PlainHttpConnection.java:198)
at java.net.http/jdk.internal.net.http.PlainHttpConnection.checkRetryConnect(PlainHttpConnection.java:230)
at java.net.http/jdk.internal.net.http.PlainHttpConnection.lambda$connectAsync$1(PlainHttpConnection.java:206)
at java.base/java.util.concurrent.CompletableFuture.uniHandle(CompletableFuture.java:934)
at java.base/java.util.concurrent.CompletableFuture$UniHandle.tryFire(CompletableFuture.java:911)
at java.base/java.util.concurrent.CompletableFuture.postComplete(CompletableFuture.java:510)
at java.base/java.util.concurrent.CompletableFuture$AsyncSupply.run(CompletableFuture.java:1773)
at java.base/java.util.concurrent.ThreadPoolExecutor.runWorker(ThreadPoolExecutor.java:1136)
at java.base/java.util.concurrent.ThreadPoolExecutor$Worker.run(ThreadPoolExecutor.java:635)
at java.base/java.lang.Thread.run(Thread.java:833)
Caused by: java.nio.channels.ClosedChannelException
at java.base/sun.nio.ch.SocketChannelImpl.ensureOpen(SocketChannelImpl.java:195)
at java.base/sun.nio.ch.SocketChannelImpl.beginConnect(SocketChannelImpl.java:760)
at java.base/sun.nio.ch.SocketChannelImpl.connect(SocketChannelImpl.java:848)
at java.net.http/jdk.internal.net.http.PlainHttpConnection.lambda$connectAsync$0(PlainHttpConnection.java:183)
at java.base/java.security.AccessController.doPrivileged(AccessController.java:569)
at java.net.http/jdk.internal.net.http.PlainHttpConnection.connectAsync(PlainHttpConnection.java:185)
... 9 more
... Removed 24 stack frames]]>
    </failure>
  </testcase> <!-- @BeforeTest setup -->
  <testcase classname="testBase.BaseClass" name="@AfterTest tearDown" time="0.0">
    <skipped/>
  </testcase> <!-- @AfterTest tearDown -->
  <testcase classname="testCases.TC_001_Carloan" name="clickcarLoan" time="0.0">
    <skipped/>
  </testcase> <!-- clickcarLoan -->
  <testcase classname="testCases.TC_001_Carloan" name="CarLoanAmount" time="0.0">
    <skipped/>
  </testcase> <!-- CarLoanAmount -->
  <testcase classname="testCases.TC_001_Carloan" name="validateCarLoanAmount" time="0.0">
    <skipped/>
  </testcase> <!-- validateCarLoanAmount -->
  <testcase classname="testCases.TC_001_Carloan" name="InterestRate" time="0.001">
    <skipped/>
  </testcase> <!-- InterestRate -->
  <testcase classname="testCases.TC_001_Carloan" name="validateInterestRate" time="0.0">
    <skipped/>
  </testcase> <!-- validateInterestRate -->
  <testcase classname="testCases.TC_001_Carloan" name="LoanTenure" time="0.0">
    <skipped/>
  </testcase> <!-- LoanTenure -->
  <testcase classname="testCases.TC_001_Carloan" name="validateLoanTenure" time="0.001">
    <skipped/>
  </testcase> <!-- validateLoanTenure -->
  <testcase classname="testCases.TC_001_Carloan" name="clickEmiArrears" time="0.001">
    <skipped/>
  </testcase> <!-- clickEmiArrears -->
  <testcase classname="testCases.TC_001_Carloan" name="scrollDownArrearsCarLoanPage" time="0.0">
    <skipped/>
  </testcase> <!-- scrollDownArrearsCarLoanPage -->
  <testcase classname="testCases.TC_001_Carloan" name="interestArrearsCarLoanPage" time="0.0">
    <skipped/>
  </testcase> <!-- interestArrearsCarLoanPage -->
  <testcase classname="testCases.TC_001_Carloan" name="principalAmountArrearsCarLoanPage" time="0.001">
    <skipped/>
  </testcase> <!-- principalAmountArrearsCarLoanPage -->
  <testcase classname="testCases.TC_001_Carloan" name="scrollUpCarLoanPage" time="0.0">
    <skipped/>
  </testcase> <!-- scrollUpCarLoanPage -->
  <testcase classname="testCases.TC_001_Carloan" name="clickEmiAdvance" time="0.001">
    <skipped/>
  </testcase> <!-- clickEmiAdvance -->
  <testcase classname="testCases.TC_001_Carloan" name="scrollDownAdvanceCarLoanPage" time="0.0">
    <skipped/>
  </testcase> <!-- scrollDownAdvanceCarLoanPage -->
  <testcase classname="testCases.TC_001_Carloan" name="interestAdvanceCarLoanPage" time="0.0">
    <skipped/>
  </testcase> <!-- interestAdvanceCarLoanPage -->
  <testcase classname="testCases.TC_001_Carloan" name="principalAmountAdvanceCarLoanPage" time="0.0">
    <skipped/>
  </testcase> <!-- principalAmountAdvanceCarLoanPage -->
  <testcase classname="testCases.TC_001_Carloan" name="scrollUpPage" time="0.0">
    <skipped/>
  </testcase> <!-- scrollUpPage -->
  <testcase classname="testCases.TC_002_HomeLoan" name="clickHomeLoan" time="0.0">
    <skipped/>
  </testcase> <!-- clickHomeLoan -->
  <testcase classname="testCases.TC_002_HomeLoan" name="setHomeLoanValues" time="0.0">
    <skipped/>
  </testcase> <!-- setHomeLoanValues -->
  <testcase classname="testCases.TC_002_HomeLoan" name="monthlyPaymentDisplayed" time="0.0">
    <skipped/>
  </testcase> <!-- monthlyPaymentDisplayed -->
  <testcase classname="testCases.TC_002_HomeLoan" name="totalPaymentDisplayed" time="0.001">
    <skipped/>
  </testcase> <!-- totalPaymentDisplayed -->
  <testcase classname="testCases.TC_002_HomeLoan" name="scrollHomeLoanPage" time="0.0">
    <skipped/>
  </testcase> <!-- scrollHomeLoanPage -->
  <testcase classname="testCases.TC_002_HomeLoan" name="handletableheader" time="0.0">
    <skipped/>
  </testcase> <!-- handletableheader -->
  <testcase classname="testCases.TC_002_HomeLoan" name="table" time="0.0">
    <skipped/>
  </testcase> <!-- table -->
  <testcase classname="testCases.TC_002_HomeLoan" name="pagetop" time="0.001">
    <skipped/>
  </testcase> <!-- pagetop -->
  <testcase classname="testCases.TC_003_LoanCalculator" name="clickLoanCalculator" time="0.0">
    <skipped/>
  </testcase> <!-- clickLoanCalculator -->
  <testcase classname="testCases.TC_003_LoanCalculator" name="checkEmiUI" time="0.001">
    <skipped/>
  </testcase> <!-- checkEmiUI -->
  <testcase classname="testCases.TC_003_LoanCalculator" name="checkEmiscale" time="0.0">
    <skipped/>
  </testcase> <!-- checkEmiscale -->
  <testcase classname="testCases.TC_003_LoanCalculator" name="clickLoanAmountCalculator" time="0.0">
    <skipped/>
  </testcase> <!-- clickLoanAmountCalculator -->
  <testcase classname="testCases.TC_003_LoanCalculator" name="checkLoanAmountCalculatorUI" time="0.0">
    <skipped/>
  </testcase> <!-- checkLoanAmountCalculatorUI -->
  <testcase classname="testCases.TC_003_LoanCalculator" name="checkLoanAmountscale" time="0.0">
    <skipped/>
  </testcase> <!-- checkLoanAmountscale -->
  <testcase classname="testCases.TC_003_LoanCalculator" name="clickLoanTenureCalculator" time="0.0">
    <skipped/>
  </testcase> <!-- clickLoanTenureCalculator -->
  <testcase classname="testCases.TC_003_LoanCalculator" name="checkLoanTenureCalculatorUI" time="0.0">
    <skipped/>
  </testcase> <!-- checkLoanTenureCalculatorUI -->
  <testcase classname="testBase.BaseClass" name="@AfterTest tearDown" time="0.0">
    <ignored/>
  </testcase> <!-- @AfterTest tearDown -->
  <testcase classname="testBase.BaseClass" name="@BeforeTest setup" time="0.0">
    <ignored/>
  </testcase> <!-- @BeforeTest setup -->
  <testcase classname="testBase.BaseClass" name="@AfterTest tearDown" time="0.0">
    <ignored/>
  </testcase> <!-- @AfterTest tearDown -->
  <testcase classname="testBase.BaseClass" name="@BeforeTest setup" time="0.0">
    <ignored/>
  </testcase> <!-- @BeforeTest setup -->
</testsuite> <!-- chromeTest -->
